<?xml version="1.0" encoding="UTF-8"?>
<testsuite name="ch.automated.web.ui.HelloServletFunctionalTest" tests="1" skipped="0" failures="0" errors="0" timestamp="2018-08-03T21:40:17" hostname="linux-utr6" time="3.283">
  <properties/>
  <testcase name="sayHello" classname="ch.automated.web.ui.HelloServletFunctionalTest" time="3.283"/>
  <system-out><![CDATA[]]></system-out>
  <system-err><![CDATA[SLF4J: Failed to load class "org.slf4j.impl.StaticLoggerBinder".
SLF4J: Defaulting to no-operation (NOP) logger implementation
SLF4J: See http://www.slf4j.org/codes.html#StaticLoggerBinder for further details.
Starting ChromeDriver 2.41.578700 (2f1ed5f9343c13f73144538f15c00b370eda6706) on port 2701
Only local connections are allowed.
Aug 03, 2018 11:40:18 PM org.openqa.selenium.remote.ProtocolHandshake createSession
INFORMATION: Detected dialect: OSS
]]></system-err>
</testsuite>
